<?xml version="1.0" encoding="UTF-8"?>
<!-- Generated by org.testng.reporters.JUnitReportReporter -->
<testsuite hostname="Magl" name="Taoche.Wap.TestScripts.SecllCarPage_Test" tests="1" failures="0" timestamp="9 Jul 2017 13:15:35 GMT" time="45.163" errors="0">
  <testcase name="MCreateCar" time="45.163" classname="Taoche.Wap.TestScripts.SecllCarPage_Test"/>
</testsuite> <!-- Taoche.Wap.TestScripts.SecllCarPage_Test -->
